2017-11-24 17:55:07,711 [ERROR]- [BaseMixin]加载基本信息出错 relation "link_link" does not exist
LINE 1: ...nk"."create_time", "link_link"."update_time" FROM "link_link...
                                                             ^

2017-11-24 17:55:07,715 [ERROR]- [BaseContextMixin]加载基本信息出错 relation "constance_config" does not exist
LINE 1: ...ce_config"."key", "constance_config"."value" FROM "constance...
                                                             ^

2017-11-24 19:07:45,784 [ERROR]- [BaseMixin]加载基本信息出错 relation "link_link" does not exist
LINE 1: ...nk"."create_time", "link_link"."update_time" FROM "link_link...
                                                             ^

2017-11-24 19:07:45,786 [ERROR]- [BaseContextMixin]加载基本信息出错 relation "constance_config" does not exist
LINE 1: ...ce_config"."key", "constance_config"."value" FROM "constance...
                                                             ^

2017-11-25 00:07:47,530 [ERROR]- [BaseMixin]加载基本信息出错 relation "link_link" does not exist
LINE 1: ...nk"."create_time", "link_link"."update_time" FROM "link_link...
                                                             ^

2017-11-25 00:07:47,532 [ERROR]- [BaseContextMixin]加载基本信息出错 relation "constance_config" does not exist
LINE 1: ...ce_config"."key", "constance_config"."value" FROM "constance...
                                                             ^

2017-11-25 00:49:18,148 [ERROR]- [BaseMixin]加载基本信息出错 relation "link_link" does not exist
LINE 1: ...nk"."create_time", "link_link"."update_time" FROM "link_link...
                                                             ^

2017-11-25 00:49:18,151 [ERROR]- [BaseContextMixin]加载基本信息出错 relation "constance_config" does not exist
LINE 1: ...ce_config"."key", "constance_config"."value" FROM "constance...
                                                             ^

2017-11-25 01:34:18,763 [ERROR]- [BaseMixin]加载基本信息出错 relation "link_link" does not exist
LINE 1: ...nk"."create_time", "link_link"."update_time" FROM "link_link...
                                                             ^

2017-11-25 01:34:18,765 [ERROR]- [BaseContextMixin]加载基本信息出错 relation "constance_config" does not exist
LINE 1: ...ce_config"."key", "constance_config"."value" FROM "constance...
                                                             ^

2018-07-28 00:29:06,182 [ERROR]- [BaseContextMixin]加载基本信息出错 No module named 'memcache'
2018-07-28 00:40:00,116 [ERROR]- [BaseContextMixin]加载基本信息出错 No module named 'memcache'
2018-07-28 00:42:56,486 [ERROR]- [BaseContextMixin]加载基本信息出错 No module named 'memcache'
2018-07-28 00:43:04,998 [ERROR]- [BaseContextMixin]加载基本信息出错 No module named 'memcache'
2018-07-28 00:45:47,225 [ERROR]- [BaseContextMixin]加载基本信息出错 No module named 'memcache'
2018-07-28 00:45:47,989 [ERROR]- [BaseContextMixin]加载基本信息出错 No module named 'memcache'
2018-07-28 00:45:58,560 [ERROR]- [BaseContextMixin]加载基本信息出错 No module named 'memcache'
2018-07-28 13:12:28,013 [ERROR]- [BaseContextMixin]加载基本信息出错 No module named 'memcache'
2018-07-28 13:14:56,192 [ERROR]- [BaseContextMixin]加载基本信息出错 No module named 'memcache'
2018-07-28 13:17:33,619 [ERROR]- [BaseContextMixin]加载基本信息出错 No module named 'memcache'
2018-07-28 13:19:29,174 [ERROR]- [BaseContextMixin]加载基本信息出错 No module named 'memcache'
2018-07-28 13:21:17,515 [ERROR]- [BaseContextMixin]加载基本信息出错 No module named 'memcache'
2018-07-28 13:21:21,147 [ERROR]- [BaseContextMixin]加载基本信息出错 No module named 'memcache'
2018-07-28 13:21:57,137 [ERROR]- [BaseContextMixin]加载基本信息出错 No module named 'memcache'
2018-07-28 13:22:03,036 [ERROR]- [BaseContextMixin]加载基本信息出错 No module named 'memcache'
2018-07-28 13:23:04,286 [ERROR]- [BaseContextMixin]加载基本信息出错 No module named 'memcache'
2018-07-28 13:26:10,204 [ERROR]- [BaseContextMixin]加载基本信息出错 No module named 'memcache'
2018-07-28 13:26:13,494 [ERROR]- [BaseContextMixin]加载基本信息出错 No module named 'memcache'
2018-07-28 13:26:48,925 [ERROR]- [BaseContextMixin]加载基本信息出错 No module named 'memcache'
2018-07-28 13:29:07,874 [ERROR]- [BaseContextMixin]加载基本信息出错 No module named 'memcache'
2018-07-28 13:31:01,204 [ERROR]- [BaseContextMixin]加载基本信息出错 No module named 'memcache'
2018-07-28 13:31:20,247 [ERROR]- [BaseContextMixin]加载基本信息出错 No module named 'memcache'
2018-07-28 13:31:59,376 [ERROR]- [BaseContextMixin]加载基本信息出错 No module named 'memcache'
2018-07-28 13:32:05,074 [ERROR]- [BaseContextMixin]加载基本信息出错 No module named 'memcache'
2018-07-28 13:32:26,072 [ERROR]- [BaseContextMixin]加载基本信息出错 No module named 'memcache'
2018-07-28 13:59:45,384 [ERROR]- [BaseContextMixin]加载基本信息出错 No module named 'memcache'
2018-07-28 14:00:07,651 [ERROR]- [BaseContextMixin]加载基本信息出错 No module named 'memcache'
2018-07-28 14:05:29,773 [ERROR]- [BaseContextMixin]加载基本信息出错 No module named 'memcache'
2018-07-28 14:05:30,738 [ERROR]- [BaseContextMixin]加载基本信息出错 No module named 'memcache'
2018-07-28 14:11:02,373 [ERROR]- [BaseContextMixin]加载基本信息出错 No module named 'memcache'
2018-07-28 14:11:02,795 [ERROR]- [BaseContextMixin]加载基本信息出错 No module named 'memcache'
2018-07-28 14:12:18,847 [ERROR]- [BaseContextMixin]加载基本信息出错 No module named 'memcache'
2018-07-28 14:12:19,224 [ERROR]- [BaseContextMixin]加载基本信息出错 No module named 'memcache'
2018-07-28 14:12:23,253 [ERROR]- [BaseContextMixin]加载基本信息出错 No module named 'memcache'
2018-07-28 14:15:51,186 [ERROR]- [BaseContextMixin]加载基本信息出错 No module named 'memcache'
2018-07-28 14:16:14,527 [ERROR]- [BaseContextMixin]加载基本信息出错 No module named 'memcache'
2018-07-28 14:16:25,472 [ERROR]- [BaseContextMixin]加载基本信息出错 No module named 'memcache'
2018-07-28 14:16:33,931 [ERROR]- [BaseContextMixin]加载基本信息出错 No module named 'memcache'
2018-07-28 14:16:41,059 [ERROR]- [BaseContextMixin]加载基本信息出错 No module named 'memcache'
2018-07-28 14:16:46,302 [ERROR]- [BaseContextMixin]加载基本信息出错 No module named 'memcache'
2018-07-28 14:16:55,423 [ERROR]- [BaseContextMixin]加载基本信息出错 No module named 'memcache'
2018-07-28 14:21:20,532 [ERROR]- [BaseContextMixin]加载基本信息出错 No module named 'memcache'
2018-07-28 14:27:48,821 [ERROR]- [BaseContextMixin]加载基本信息出错 No module named 'memcache'
2018-07-28 14:54:39,289 [ERROR]- [BaseContextMixin]加载基本信息出错 No module named 'memcache'
2018-07-28 15:05:25,866 [ERROR]- [BaseContextMixin]加载基本信息出错 No module named 'memcache'
2018-07-28 15:05:28,482 [ERROR]- [BaseContextMixin]加载基本信息出错 No module named 'memcache'
2018-07-28 15:09:56,658 [ERROR]- [BaseContextMixin]加载基本信息出错 No module named 'memcache'
2018-07-28 15:35:17,138 [ERROR]- [BaseContextMixin]加载基本信息出错 No module named 'memcache'
2018-07-28 15:35:23,693 [ERROR]- [BaseContextMixin]加载基本信息出错 No module named 'memcache'
2018-07-28 16:09:01,302 [ERROR]- [BaseContextMixin]加载基本信息出错 No module named 'memcache'
2018-07-28 16:36:45,774 [ERROR]- [BaseContextMixin]加载基本信息出错 No module named 'memcache'
2018-07-28 16:37:40,563 [ERROR]- [BaseContextMixin]加载基本信息出错 No module named 'memcache'
2018-07-28 17:02:52,241 [ERROR]- [BaseContextMixin]加载基本信息出错 No module named 'memcache'
2018-07-28 17:55:40,359 [ERROR]- [BaseContextMixin]加载基本信息出错 No module named 'memcache'
2018-07-28 17:55:45,692 [ERROR]- [BaseContextMixin]加载基本信息出错 No module named 'memcache'
2018-07-28 18:19:37,232 [ERROR]- [BaseContextMixin]加载基本信息出错 No module named 'memcache'
2018-07-28 18:24:20,297 [ERROR]- [BaseContextMixin]加载基本信息出错 No module named 'memcache'
2018-07-28 19:40:30,962 [ERROR]- [BaseContextMixin]加载基本信息出错 No module named 'memcache'
2018-07-28 19:55:25,132 [ERROR]- [BaseContextMixin]加载基本信息出错 No module named 'memcache'
2018-07-28 19:55:28,834 [ERROR]- [BaseContextMixin]加载基本信息出错 No module named 'memcache'
2018-07-28 20:04:08,320 [ERROR]- [BaseContextMixin]加载基本信息出错 No module named 'memcache'
2018-07-28 20:04:08,923 [ERROR]- [BaseContextMixin]加载基本信息出错 No module named 'memcache'
2018-07-28 20:05:25,202 [ERROR]- [BaseContextMixin]加载基本信息出错 No module named 'memcache'
2018-07-28 20:05:26,013 [ERROR]- [BaseContextMixin]加载基本信息出错 No module named 'memcache'
2018-07-28 20:16:50,253 [ERROR]- [BaseContextMixin]加载基本信息出错 No module named 'memcache'
2018-07-28 20:35:27,042 [ERROR]- [BaseContextMixin]加载基本信息出错 No module named 'memcache'
2018-07-28 20:35:28,243 [ERROR]- [BaseContextMixin]加载基本信息出错 No module named 'memcache'
2018-07-28 20:44:38,979 [ERROR]- [BaseContextMixin]加载基本信息出错 No module named 'memcache'
2018-07-28 20:44:39,431 [ERROR]- [BaseContextMixin]加载基本信息出错 No module named 'memcache'
2018-07-28 21:00:45,434 [ERROR]- [BaseContextMixin]加载基本信息出错 No module named 'memcache'
2018-07-28 21:04:36,258 [ERROR]- [BaseContextMixin]加载基本信息出错 No module named 'memcache'
2018-07-28 23:20:49,014 [ERROR]- [BaseContextMixin]加载基本信息出错 No module named 'memcache'
2018-07-29 00:05:28,152 [ERROR]- [BaseContextMixin]加载基本信息出错 No module named 'memcache'
2018-07-29 00:05:34,256 [ERROR]- [BaseContextMixin]加载基本信息出错 No module named 'memcache'
2018-07-29 00:24:08,867 [ERROR]- [BaseContextMixin]加载基本信息出错 No module named 'memcache'
2018-07-29 00:24:09,555 [ERROR]- [BaseContextMixin]加载基本信息出错 No module named 'memcache'
2018-07-29 00:24:49,814 [ERROR]- [BaseContextMixin]加载基本信息出错 No module named 'memcache'
2018-07-29 00:55:27,334 [ERROR]- [BaseContextMixin]加载基本信息出错 No module named 'memcache'
2018-07-29 00:55:28,897 [ERROR]- [BaseContextMixin]加载基本信息出错 No module named 'memcache'
2018-07-29 01:05:40,216 [ERROR]- [BaseContextMixin]加载基本信息出错 No module named 'memcache'
2018-07-29 01:05:40,954 [ERROR]- [BaseContextMixin]加载基本信息出错 No module named 'memcache'
2018-07-29 01:15:19,602 [ERROR]- [BaseContextMixin]加载基本信息出错 No module named 'memcache'
2018-07-29 01:16:52,508 [ERROR]- [BaseContextMixin]加载基本信息出错 No module named 'memcache'
2018-07-29 01:17:01,361 [ERROR]- [BaseContextMixin]加载基本信息出错 No module named 'memcache'
2018-07-29 01:17:13,323 [ERROR]- [BaseContextMixin]加载基本信息出错 No module named 'memcache'
2018-07-29 01:17:14,605 [ERROR]- [BaseContextMixin]加载基本信息出错 No module named 'memcache'
2018-07-29 01:21:55,842 [ERROR]- [BaseContextMixin]加载基本信息出错 No module named 'memcache'
2018-07-29 01:24:40,245 [ERROR]- [BaseContextMixin]加载基本信息出错 No module named 'memcache'
2018-07-29 01:24:41,605 [ERROR]- [BaseContextMixin]加载基本信息出错 No module named 'memcache'
2018-07-29 01:44:11,422 [ERROR]- [BaseContextMixin]加载基本信息出错 No module named 'memcache'
2018-07-29 01:44:12,131 [ERROR]- [BaseContextMixin]加载基本信息出错 No module named 'memcache'
2018-07-29 01:45:37,995 [ERROR]- [BaseContextMixin]加载基本信息出错 No module named 'memcache'
2018-07-29 01:45:38,282 [ERROR]- [BaseContextMixin]加载基本信息出错 No module named 'memcache'
2018-07-29 02:15:18,572 [ERROR]- [BaseContextMixin]加载基本信息出错 No module named 'memcache'
2018-07-29 02:15:19,304 [ERROR]- [BaseContextMixin]加载基本信息出错 No module named 'memcache'
2018-07-29 02:25:24,499 [ERROR]- [BaseContextMixin]加载基本信息出错 No module named 'memcache'
2018-07-29 02:25:25,587 [ERROR]- [BaseContextMixin]加载基本信息出错 No module named 'memcache'
2018-07-29 03:38:08,172 [ERROR]- [BaseContextMixin]加载基本信息出错 No module named 'memcache'
2018-07-29 03:44:09,219 [ERROR]- [BaseContextMixin]加载基本信息出错 No module named 'memcache'
2018-07-29 03:44:09,928 [ERROR]- [BaseContextMixin]加载基本信息出错 No module named 'memcache'
2018-07-29 04:15:45,366 [ERROR]- [BaseContextMixin]加载基本信息出错 No module named 'memcache'
2018-07-29 04:15:46,085 [ERROR]- [BaseContextMixin]加载基本信息出错 No module named 'memcache'
2018-07-29 04:21:21,847 [ERROR]- [BaseContextMixin]加载基本信息出错 No module named 'memcache'
2018-07-29 04:45:14,075 [ERROR]- [BaseContextMixin]加载基本信息出错 No module named 'memcache'
2018-07-29 04:45:14,946 [ERROR]- [BaseContextMixin]加载基本信息出错 No module named 'memcache'
2018-07-29 05:34:06,242 [ERROR]- [BaseContextMixin]加载基本信息出错 No module named 'memcache'
2018-07-29 06:45:22,410 [ERROR]- [BaseContextMixin]加载基本信息出错 No module named 'memcache'
2018-07-29 06:45:23,871 [ERROR]- [BaseContextMixin]加载基本信息出错 No module named 'memcache'
2018-07-29 06:54:11,245 [ERROR]- [BaseContextMixin]加载基本信息出错 No module named 'memcache'
2018-07-29 06:55:29,281 [ERROR]- [BaseContextMixin]加载基本信息出错 No module named 'memcache'
2018-07-29 06:55:30,112 [ERROR]- [BaseContextMixin]加载基本信息出错 No module named 'memcache'
2018-07-29 07:45:38,072 [ERROR]- [BaseContextMixin]加载基本信息出错 No module named 'memcache'
2018-07-29 07:45:38,987 [ERROR]- [BaseContextMixin]加载基本信息出错 No module named 'memcache'
2018-07-29 07:48:31,138 [ERROR]- [BaseContextMixin]加载基本信息出错 No module named 'memcache'
2018-07-29 07:55:21,877 [ERROR]- [BaseContextMixin]加载基本信息出错 No module named 'memcache'
2018-07-29 07:55:22,733 [ERROR]- [BaseContextMixin]加载基本信息出错 No module named 'memcache'
2018-07-29 08:15:40,309 [ERROR]- [BaseContextMixin]加载基本信息出错 No module named 'memcache'
2018-07-29 08:15:41,010 [ERROR]- [BaseContextMixin]加载基本信息出错 No module named 'memcache'
2018-07-29 08:34:41,180 [ERROR]- [BaseContextMixin]加载基本信息出错 No module named 'memcache'
2018-07-29 08:34:41,920 [ERROR]- [BaseContextMixin]加载基本信息出错 No module named 'memcache'
2018-07-29 08:50:55,300 [ERROR]- [BaseContextMixin]加载基本信息出错 No module named 'memcache'
2018-07-29 09:11:51,560 [ERROR]- [BaseContextMixin]加载基本信息出错 No module named 'memcache'
2018-07-29 09:33:25,786 [ERROR]- [BaseContextMixin]加载基本信息出错 No module named 'memcache'
2018-07-29 09:34:10,084 [ERROR]- [BaseContextMixin]加载基本信息出错 No module named 'memcache'
2018-07-29 09:34:10,887 [ERROR]- [BaseContextMixin]加载基本信息出错 No module named 'memcache'
2018-07-29 10:36:43,585 [ERROR]- [BaseContextMixin]加载基本信息出错 No module named 'memcache'
2018-07-29 11:05:48,214 [ERROR]- [BaseContextMixin]加载基本信息出错 No module named 'memcache'
2018-07-29 11:05:54,670 [ERROR]- [BaseContextMixin]加载基本信息出错 No module named 'memcache'
2018-07-29 11:13:30,950 [ERROR]- [BaseContextMixin]加载基本信息出错 No module named 'memcache'
2018-07-29 11:14:14,432 [ERROR]- [BaseContextMixin]加载基本信息出错 No module named 'memcache'
2018-07-29 11:14:15,342 [ERROR]- [BaseContextMixin]加载基本信息出错 No module named 'memcache'
2018-07-29 11:45:19,607 [ERROR]- [BaseContextMixin]加载基本信息出错 No module named 'memcache'
2018-07-29 11:45:20,500 [ERROR]- [BaseContextMixin]加载基本信息出错 No module named 'memcache'
2018-07-29 11:54:10,446 [ERROR]- [BaseContextMixin]加载基本信息出错 No module named 'memcache'
2018-07-29 11:54:11,154 [ERROR]- [BaseContextMixin]加载基本信息出错 No module named 'memcache'
2018-07-29 12:41:59,537 [ERROR]- [BaseContextMixin]加载基本信息出错 No module named 'memcache'
2018-07-29 13:17:19,470 [ERROR]- [BaseContextMixin]加载基本信息出错 No module named 'memcache'
2018-07-29 13:45:49,162 [ERROR]- [BaseContextMixin]加载基本信息出错 No module named 'memcache'
2018-07-29 13:57:37,544 [ERROR]- [BaseContextMixin]加载基本信息出错 No module named 'memcache'
2018-07-29 15:44:07,701 [ERROR]- [BaseContextMixin]加载基本信息出错 No module named 'memcache'
2018-07-29 15:44:08,604 [ERROR]- [BaseContextMixin]加载基本信息出错 No module named 'memcache'
2018-07-29 16:02:59,234 [ERROR]- [BaseContextMixin]加载基本信息出错 No module named 'memcache'
2018-07-29 16:55:25,156 [ERROR]- [BaseContextMixin]加载基本信息出错 No module named 'memcache'
2018-07-29 16:55:27,880 [ERROR]- [BaseContextMixin]加载基本信息出错 No module named 'memcache'
2018-07-29 17:04:09,223 [ERROR]- [BaseContextMixin]加载基本信息出错 No module named 'memcache'
2018-07-29 17:04:09,941 [ERROR]- [BaseContextMixin]加载基本信息出错 No module named 'memcache'
2018-07-29 17:17:06,994 [ERROR]- [BaseContextMixin]加载基本信息出错 No module named 'memcache'
2018-07-29 17:56:12,861 [ERROR]- [BaseContextMixin]加载基本信息出错 No module named 'memcache'
2018-07-29 18:12:49,259 [ERROR]- [BaseContextMixin]加载基本信息出错 No module named 'memcache'
2018-07-29 18:35:06,971 [ERROR]- [BaseContextMixin]加载基本信息出错 No module named 'memcache'
2018-07-29 18:35:07,508 [ERROR]- [BaseContextMixin]加载基本信息出错 No module named 'memcache'
2018-07-29 18:37:17,555 [ERROR]- [BaseContextMixin]加载基本信息出错 No module named 'memcache'
2018-07-29 19:06:07,366 [ERROR]- [BaseContextMixin]加载基本信息出错 No module named 'memcache'
2018-07-29 19:15:54,627 [ERROR]- [BaseContextMixin]加载基本信息出错 No module named 'memcache'
2018-07-29 19:15:55,339 [ERROR]- [BaseContextMixin]加载基本信息出错 No module named 'memcache'
2018-07-29 19:53:39,730 [ERROR]- [BaseContextMixin]加载基本信息出错 No module named 'memcache'
2018-07-29 19:53:40,356 [ERROR]- [BaseContextMixin]加载基本信息出错 No module named 'memcache'
2018-07-29 19:55:23,919 [ERROR]- [BaseContextMixin]加载基本信息出错 No module named 'memcache'
2018-07-29 19:55:25,106 [ERROR]- [BaseContextMixin]加载基本信息出错 No module named 'memcache'
2018-07-29 20:35:22,384 [ERROR]- [BaseContextMixin]加载基本信息出错 No module named 'memcache'
2018-07-29 20:35:23,623 [ERROR]- [BaseContextMixin]加载基本信息出错 No module named 'memcache'
2018-07-29 20:45:02,765 [ERROR]- [BaseContextMixin]加载基本信息出错 No module named 'memcache'
2018-07-29 20:47:57,070 [ERROR]- [BaseContextMixin]加载基本信息出错 No module named 'memcache'
2018-07-29 21:11:11,611 [ERROR]- [BaseContextMixin]加载基本信息出错 No module named 'memcache'
2018-07-29 21:45:12,293 [ERROR]- [BaseContextMixin]加载基本信息出错 No module named 'memcache'
2018-07-29 21:45:16,855 [ERROR]- [BaseContextMixin]加载基本信息出错 No module named 'memcache'
2018-07-29 21:45:45,210 [ERROR]- [BaseContextMixin]加载基本信息出错 No module named 'memcache'
2018-07-29 21:45:46,660 [ERROR]- [BaseContextMixin]加载基本信息出错 No module named 'memcache'
2018-07-29 22:15:17,119 [ERROR]- [BaseContextMixin]加载基本信息出错 No module named 'memcache'
2018-07-29 22:15:32,879 [ERROR]- [BaseContextMixin]加载基本信息出错 No module named 'memcache'
2018-07-29 23:02:39,428 [ERROR]- [BaseContextMixin]加载基本信息出错 No module named 'memcache'
2018-07-30 00:02:58,062 [ERROR]- [BaseContextMixin]加载基本信息出错 No module named 'memcache'
2018-07-30 00:14:38,742 [ERROR]- [BaseContextMixin]加载基本信息出错 No module named 'memcache'
2018-07-30 00:14:44,150 [ERROR]- [BaseContextMixin]加载基本信息出错 No module named 'memcache'
2018-07-30 00:44:16,380 [ERROR]- [BaseContextMixin]加载基本信息出错 No module named 'memcache'
2018-07-30 00:44:17,042 [ERROR]- [BaseContextMixin]加载基本信息出错 No module named 'memcache'
2018-07-30 01:25:34,729 [ERROR]- [BaseContextMixin]加载基本信息出错 No module named 'memcache'
2018-07-30 01:25:35,022 [ERROR]- [BaseContextMixin]加载基本信息出错 No module named 'memcache'
2018-07-30 02:05:03,618 [ERROR]- [BaseContextMixin]加载基本信息出错 No module named 'memcache'
2018-07-30 02:15:32,267 [ERROR]- [BaseContextMixin]加载基本信息出错 No module named 'memcache'
2018-07-30 02:15:36,673 [ERROR]- [BaseContextMixin]加载基本信息出错 No module named 'memcache'
2018-07-30 02:56:46,026 [ERROR]- [BaseContextMixin]加载基本信息出错 No module named 'memcache'
2018-07-30 03:03:42,379 [ERROR]- [BaseContextMixin]加载基本信息出错 No module named 'memcache'
2018-07-30 03:15:29,217 [ERROR]- [BaseContextMixin]加载基本信息出错 No module named 'memcache'
2018-07-30 03:15:30,078 [ERROR]- [BaseContextMixin]加载基本信息出错 No module named 'memcache'
2018-07-30 03:24:08,521 [ERROR]- [BaseContextMixin]加载基本信息出错 No module named 'memcache'
2018-07-30 03:24:09,158 [ERROR]- [BaseContextMixin]加载基本信息出错 No module named 'memcache'
2018-07-30 03:54:05,325 [ERROR]- [BaseContextMixin]加载基本信息出错 No module named 'memcache'
2018-07-30 03:54:05,615 [ERROR]- [BaseContextMixin]加载基本信息出错 No module named 'memcache'
2018-07-30 04:06:20,684 [ERROR]- [BaseContextMixin]加载基本信息出错 No module named 'memcache'
2018-07-30 04:20:12,027 [ERROR]- [BaseContextMixin]加载基本信息出错 No module named 'memcache'
2018-07-30 05:04:11,679 [ERROR]- [BaseContextMixin]加载基本信息出错 No module named 'memcache'
2018-07-30 05:04:16,896 [ERROR]- [BaseContextMixin]加载基本信息出错 No module named 'memcache'
2018-07-30 06:44:39,993 [ERROR]- [BaseContextMixin]加载基本信息出错 No module named 'memcache'
2018-07-30 06:44:40,530 [ERROR]- [BaseContextMixin]加载基本信息出错 No module named 'memcache'
2018-07-30 07:11:45,604 [ERROR]- [BaseContextMixin]加载基本信息出错 No module named 'memcache'
2018-07-30 07:31:48,675 [ERROR]- [BaseContextMixin]加载基本信息出错 No module named 'memcache'
2018-07-30 08:50:10,131 [ERROR]- [BaseContextMixin]加载基本信息出错 No module named 'memcache'
2018-07-30 08:53:38,618 [ERROR]- [BaseContextMixin]加载基本信息出错 No module named 'memcache'
2018-07-30 08:53:39,262 [ERROR]- [BaseContextMixin]加载基本信息出错 No module named 'memcache'
2018-07-30 08:53:44,782 [ERROR]- [BaseContextMixin]加载基本信息出错 No module named 'memcache'
2018-07-30 08:53:45,413 [ERROR]- [BaseContextMixin]加载基本信息出错 No module named 'memcache'
2018-07-30 09:04:55,849 [ERROR]- [BaseContextMixin]加载基本信息出错 No module named 'memcache'
2018-07-30 09:05:04,039 [ERROR]- [BaseContextMixin]加载基本信息出错 No module named 'memcache'
2018-07-30 09:05:23,878 [ERROR]- [BaseContextMixin]加载基本信息出错 No module named 'memcache'
2018-07-30 09:14:24,462 [ERROR]- [BaseContextMixin]加载基本信息出错 No module named 'memcache'
2018-07-30 09:15:34,026 [ERROR]- [BaseContextMixin]加载基本信息出错 No module named 'memcache'
2018-07-30 09:15:35,314 [ERROR]- [BaseContextMixin]加载基本信息出错 No module named 'memcache'
2018-07-30 09:44:09,965 [ERROR]- [BaseContextMixin]加载基本信息出错 No module named 'memcache'
2018-07-30 09:44:10,574 [ERROR]- [BaseContextMixin]加载基本信息出错 No module named 'memcache'
2018-07-30 10:45:23,605 [ERROR]- [BaseContextMixin]加载基本信息出错 No module named 'memcache'
2018-07-30 10:45:25,647 [ERROR]- [BaseContextMixin]加载基本信息出错 No module named 'memcache'
2018-07-30 10:48:28,303 [ERROR]- [BaseContextMixin]加载基本信息出错 No module named 'memcache'
2018-07-30 10:49:14,538 [ERROR]- [BaseContextMixin]加载基本信息出错 No module named 'memcache'
2018-07-30 10:50:08,577 [ERROR]- [BaseContextMixin]加载基本信息出错 No module named 'memcache'
2018-07-30 10:50:10,701 [ERROR]- [BaseContextMixin]加载基本信息出错 No module named 'memcache'
2018-07-30 10:50:21,907 [ERROR]- [BaseContextMixin]加载基本信息出错 No module named 'memcache'
2018-07-30 10:51:25,021 [ERROR]- [BaseContextMixin]加载基本信息出错 No module named 'memcache'
2018-07-30 10:51:58,785 [ERROR]- [BaseContextMixin]加载基本信息出错 No module named 'memcache'
2018-07-30 10:52:16,593 [ERROR]- [BaseContextMixin]加载基本信息出错 No module named 'memcache'
2018-07-30 10:52:19,209 [ERROR]- [BaseContextMixin]加载基本信息出错 No module named 'memcache'
2018-07-30 10:52:32,918 [ERROR]- [BaseContextMixin]加载基本信息出错 No module named 'memcache'
2018-07-30 10:52:36,549 [ERROR]- [BaseContextMixin]加载基本信息出错 No module named 'memcache'
2018-07-30 10:52:38,741 [ERROR]- [BaseContextMixin]加载基本信息出错 No module named 'memcache'
2018-07-30 10:52:46,339 [ERROR]- [BaseContextMixin]加载基本信息出错 No module named 'memcache'
2018-07-30 11:30:37,765 [ERROR]- [BaseContextMixin]加载基本信息出错 No module named 'memcache'
2018-07-30 11:57:50,888 [ERROR]- [BaseContextMixin]加载基本信息出错 No module named 'memcache'
2018-07-30 12:25:21,457 [ERROR]- [BaseContextMixin]加载基本信息出错 No module named 'memcache'
2018-07-30 12:25:22,619 [ERROR]- [BaseContextMixin]加载基本信息出错 No module named 'memcache'
2018-07-30 12:33:18,781 [ERROR]- [BaseContextMixin]加载基本信息出错 No module named 'memcache'
2018-07-30 13:22:40,581 [ERROR]- [BaseContextMixin]加载基本信息出错 No module named 'memcache'
2018-07-30 13:25:33,135 [ERROR]- [BaseContextMixin]加载基本信息出错 No module named 'memcache'
2018-07-30 13:25:33,816 [ERROR]- [BaseContextMixin]加载基本信息出错 No module named 'memcache'
2018-07-30 13:28:08,369 [ERROR]- [BaseContextMixin]加载基本信息出错 No module named 'memcache'
2018-07-30 13:35:34,621 [ERROR]- [BaseContextMixin]加载基本信息出错 No module named 'memcache'
2018-07-30 13:35:34,844 [ERROR]- [BaseContextMixin]加载基本信息出错 No module named 'memcache'
2018-07-30 13:40:00,931 [ERROR]- [BaseContextMixin]加载基本信息出错 No module named 'memcache'
2018-07-30 13:44:52,613 [ERROR]- [BaseContextMixin]加载基本信息出错 No module named 'memcache'
2018-07-30 13:44:53,739 [ERROR]- [BaseContextMixin]加载基本信息出错 No module named 'memcache'
2018-07-30 14:02:54,221 [ERROR]- [BaseContextMixin]加载基本信息出错 No module named 'memcache'
2018-07-30 15:34:20,634 [ERROR]- [BaseContextMixin]加载基本信息出错 No module named 'memcache'
2018-07-30 15:38:40,380 [ERROR]- [BaseContextMixin]加载基本信息出错 No module named 'memcache'
2018-07-30 16:03:32,429 [ERROR]- [BaseContextMixin]加载基本信息出错 No module named 'memcache'
2018-07-30 16:54:13,833 [ERROR]- [BaseContextMixin]加载基本信息出错 No module named 'memcache'
2018-07-30 16:54:19,651 [ERROR]- [BaseContextMixin]加载基本信息出错 No module named 'memcache'
2018-07-30 17:37:05,857 [ERROR]- [BaseContextMixin]加载基本信息出错 No module named 'memcache'
2018-07-30 17:44:29,373 [ERROR]- [BaseContextMixin]加载基本信息出错 No module named 'memcache'
2018-07-30 17:44:29,981 [ERROR]- [BaseContextMixin]加载基本信息出错 No module named 'memcache'
2018-07-30 17:59:13,028 [ERROR]- [BaseContextMixin]加载基本信息出错 No module named 'memcache'
2018-07-30 18:56:28,376 [ERROR]- [BaseContextMixin]加载基本信息出错 No module named 'memcache'
2018-07-30 19:45:15,454 [ERROR]- [BaseContextMixin]加载基本信息出错 No module named 'memcache'
2018-07-30 19:45:16,082 [ERROR]- [BaseContextMixin]加载基本信息出错 No module named 'memcache'
2018-07-30 20:00:18,852 [ERROR]- [BaseContextMixin]加载基本信息出错 No module named 'memcache'
2018-07-30 20:41:11,647 [ERROR]- [BaseContextMixin]加载基本信息出错 No module named 'memcache'
2018-07-30 22:04:07,744 [ERROR]- [BaseContextMixin]加载基本信息出错 No module named 'memcache'
2018-07-30 22:04:08,296 [ERROR]- [BaseContextMixin]加载基本信息出错 No module named 'memcache'
2018-07-30 22:15:31,894 [ERROR]- [BaseContextMixin]加载基本信息出错 No module named 'memcache'
2018-07-30 22:15:32,786 [ERROR]- [BaseContextMixin]加载基本信息出错 No module named 'memcache'
2018-07-30 23:12:17,213 [ERROR]- [BaseContextMixin]加载基本信息出错 No module named 'memcache'
2018-07-30 23:35:28,843 [ERROR]- [BaseContextMixin]加载基本信息出错 No module named 'memcache'
2018-07-30 23:35:29,715 [ERROR]- [BaseContextMixin]加载基本信息出错 No module named 'memcache'
2018-07-31 00:03:21,461 [ERROR]- [BaseContextMixin]加载基本信息出错 No module named 'memcache'
2018-07-31 01:05:27,254 [ERROR]- [BaseContextMixin]加载基本信息出错 No module named 'memcache'
2018-07-31 01:05:34,864 [ERROR]- [BaseContextMixin]加载基本信息出错 No module named 'memcache'
2018-07-31 01:45:41,725 [ERROR]- [BaseContextMixin]加载基本信息出错 No module named 'memcache'
2018-07-31 01:45:47,178 [ERROR]- [BaseContextMixin]加载基本信息出错 No module named 'memcache'
2018-07-31 02:35:26,577 [ERROR]- [BaseContextMixin]加载基本信息出错 No module named 'memcache'
2018-07-31 02:35:27,358 [ERROR]- [BaseContextMixin]加载基本信息出错 No module named 'memcache'
2018-07-31 03:30:02,385 [ERROR]- [BaseContextMixin]加载基本信息出错 No module named 'memcache'
2018-07-31 03:30:11,341 [ERROR]- [BaseContextMixin]加载基本信息出错 No module named 'memcache'
2018-07-31 03:30:23,418 [ERROR]- [BaseContextMixin]加载基本信息出错 No module named 'memcache'
2018-07-31 04:18:49,536 [ERROR]- [BaseContextMixin]加载基本信息出错 No module named 'memcache'
2018-07-31 05:52:43,874 [ERROR]- [BaseContextMixin]加载基本信息出错 No module named 'memcache'
2018-07-31 07:06:28,025 [ERROR]- [BaseContextMixin]加载基本信息出错 No module named 'memcache'
2018-07-31 07:16:18,896 [ERROR]- [BaseContextMixin]加载基本信息出错 No module named 'memcache'
2018-07-31 07:55:16,389 [ERROR]- [BaseContextMixin]加载基本信息出错 No module named 'memcache'
2018-07-31 08:37:54,077 [ERROR]- [BaseContextMixin]加载基本信息出错 No module named 'memcache'
2018-07-31 09:10:00,201 [ERROR]- [BaseContextMixin]加载基本信息出错 No module named 'memcache'
2018-07-31 09:10:00,240 [ERROR]- [BaseContextMixin]加载基本信息出错 No module named 'memcache'
2018-07-31 09:10:00,244 [ERROR]- [BaseContextMixin]加载基本信息出错 No module named 'memcache'
2018-07-31 09:19:53,682 [ERROR]- [BaseContextMixin]加载基本信息出错 No module named 'memcache'
2018-07-31 10:28:20,550 [ERROR]- [BaseContextMixin]加载基本信息出错 No module named 'memcache'
2018-07-31 10:34:07,392 [ERROR]- [BaseContextMixin]加载基本信息出错 No module named 'memcache'
2018-07-31 10:34:32,963 [ERROR]- [BaseContextMixin]加载基本信息出错 No module named 'memcache'
2018-07-31 10:34:49,656 [ERROR]- [BaseContextMixin]加载基本信息出错 No module named 'memcache'
2018-07-31 10:36:35,614 [ERROR]- [BaseContextMixin]加载基本信息出错 No module named 'memcache'
2018-07-31 10:36:37,996 [ERROR]- [BaseContextMixin]加载基本信息出错 No module named 'memcache'
2018-07-31 10:36:54,658 [ERROR]- [BaseContextMixin]加载基本信息出错 No module named 'memcache'
2018-07-31 10:36:57,693 [ERROR]- [BaseContextMixin]加载基本信息出错 No module named 'memcache'
2018-07-31 10:36:59,528 [ERROR]- [BaseContextMixin]加载基本信息出错 No module named 'memcache'
2018-07-31 10:41:49,377 [ERROR]- [BaseContextMixin]加载基本信息出错 No module named 'memcache'
2018-07-31 10:41:52,933 [ERROR]- [BaseContextMixin]加载基本信息出错 No module named 'memcache'
2018-07-31 10:41:54,126 [ERROR]- [BaseContextMixin]加载基本信息出错 No module named 'memcache'
2018-07-31 10:41:55,899 [ERROR]- [BaseContextMixin]加载基本信息出错 No module named 'memcache'
